#-----------------------------------------------------------
# Vivado v2019.2 (64-bit)
# SW Build 2708876 on Wed Nov  6 21:40:23 MST 2019
# IP Build 2700528 on Thu Nov  7 00:09:20 MST 2019
# Start of session at: Sat Jul 10 14:38:47 2021
# Process ID: 11196
# Current directory: C:/Users/simge/OneDrive/Masaüstü/KAYNAK KOD
# Command line: vivado.exe -gui_launcher_event rodinguilauncherevent15176 C:\Users\simge\OneDrive\Masaüstü\KAYNAK KOD\DCD_Final.xpr
# Log file: C:/Users/simge/OneDrive/Masaüstü/KAYNAK KOD/vivado.log
# Journal file: C:/Users/simge/OneDrive/Masaüstü/KAYNAK KOD\vivado.jou
#-----------------------------------------------------------
start_gui
open_project {C:/Users/simge/OneDrive/Masaüstü/KAYNAK KOD/DCD_Final.xpr}
INFO: [Project 1-313] Project file moved from 'C:/Users/simge/OneDrive/Masaüstü/dcd-playground' since last save.
Scanning sources...
Finished scanning sources
INFO: [IP_Flow 19-234] Refreshing IP repositories
INFO: [IP_Flow 19-1704] No user IP repositories specified
INFO: [IP_Flow 19-2313] Loaded Vivado IP repository 'C:/Xilinx/Vivado/2019.2/data/ip'.
update_compile_order -fileset sources_1
exit
INFO: [Common 17-206] Exiting Vivado at Sat Jul 10 14:39:13 2021...
