#-----------------------------------------------------------
# Vivado v2019.2 (64-bit)
# SW Build 2708876 on Wed Nov  6 21:40:23 MST 2019
# IP Build 2700528 on Thu Nov  7 00:09:20 MST 2019
# Start of session at: Sat Jul 10 13:36:23 2021
# Process ID: 9416
# Current directory: C:/Users/simge/OneDrive/Masaüstü/dcd-playground
# Command line: vivado.exe -gui_launcher_event rodinguilauncherevent4528 C:\Users\simge\OneDrive\Masaüstü\dcd-playground\DCD_Final.xpr
# Log file: C:/Users/simge/OneDrive/Masaüstü/dcd-playground/vivado.log
# Journal file: C:/Users/simge/OneDrive/Masaüstü/dcd-playground\vivado.jou
#-----------------------------------------------------------
start_gui
open_project C:/Users/simge/OneDrive/Masaüstü/dcd-playground/DCD_Final.xpr
Scanning sources...
Finished scanning sources
INFO: [IP_Flow 19-234] Refreshing IP repositories
INFO: [IP_Flow 19-1704] No user IP repositories specified
INFO: [IP_Flow 19-2313] Loaded Vivado IP repository 'C:/Xilinx/Vivado/2019.2/data/ip'.
open_project: Time (s): cpu = 00:00:14 ; elapsed = 00:00:05 . Memory (MB): peak = 682.770 ; gain = 55.320
update_compile_order -fileset sources_1
synth_design -rtl -name rtl_1
Command: synth_design -rtl -name rtl_1
Starting synth_design
Using part: xc7k70tfbv676-1
Top: Processor
INFO: [Device 21-403] Loading part xc7k70tfbv676-1
---------------------------------------------------------------------------------
Starting RTL Elaboration : Time (s): cpu = 00:00:07 ; elapsed = 00:00:07 . Memory (MB): peak = 1204.719 ; gain = 255.910
---------------------------------------------------------------------------------
INFO: [Synth 8-6157] synthesizing module 'Processor' [C:/Users/simge/OneDrive/Masaüstü/dcd-playground/DCD_Final.srcs/sources_1/new/Processor.sv:3]
INFO: [Synth 8-6157] synthesizing module 'InstructionMemory' [C:/Users/simge/OneDrive/Masaüstü/dcd-playground/DCD_Final.srcs/sources_1/new/InstructionMemory.sv:3]
INFO: [Synth 8-6155] done synthesizing module 'InstructionMemory' (1#1) [C:/Users/simge/OneDrive/Masaüstü/dcd-playground/DCD_Final.srcs/sources_1/new/InstructionMemory.sv:3]
INFO: [Synth 8-6157] synthesizing module 'Executer' [C:/Users/simge/OneDrive/Masaüstü/dcd-playground/DCD_Final.srcs/sources_1/new/Executer.sv:3]
INFO: [Synth 8-6157] synthesizing module 'extend' [C:/Users/simge/OneDrive/Masaüstü/dcd-playground/DCD_Final.srcs/sources_1/new/extend.sv:3]
INFO: [Synth 8-6155] done synthesizing module 'extend' (2#1) [C:/Users/simge/OneDrive/Masaüstü/dcd-playground/DCD_Final.srcs/sources_1/new/extend.sv:3]
INFO: [Synth 8-6157] synthesizing module 'ControlUnit' [C:/Users/simge/OneDrive/Masaüstü/dcd-playground/DCD_Final.srcs/sources_1/new/ControlUnit.sv:4]
INFO: [Synth 8-6155] done synthesizing module 'ControlUnit' (3#1) [C:/Users/simge/OneDrive/Masaüstü/dcd-playground/DCD_Final.srcs/sources_1/new/ControlUnit.sv:4]
INFO: [Synth 8-6157] synthesizing module 'registerFile' [C:/Users/simge/OneDrive/Masaüstü/dcd-playground/DCD_Final.srcs/sources_1/new/registerFile.sv:3]
INFO: [Synth 8-6155] done synthesizing module 'registerFile' (4#1) [C:/Users/simge/OneDrive/Masaüstü/dcd-playground/DCD_Final.srcs/sources_1/new/registerFile.sv:3]
INFO: [Synth 8-6157] synthesizing module 'mux2' [C:/Users/simge/OneDrive/Masaüstü/dcd-playground/DCD_Final.srcs/sources_1/new/mux2.sv:3]
INFO: [Synth 8-6155] done synthesizing module 'mux2' (5#1) [C:/Users/simge/OneDrive/Masaüstü/dcd-playground/DCD_Final.srcs/sources_1/new/mux2.sv:3]
INFO: [Synth 8-6157] synthesizing module 'ALU' [C:/Users/simge/OneDrive/Masaüstü/dcd-playground/DCD_Final.srcs/sources_1/new/ALU.sv:3]
INFO: [Synth 8-6157] synthesizing module 'Nbitfulladder' [C:/Users/simge/OneDrive/Masaüstü/dcd-playground/DCD_Final.srcs/sources_1/new/Nbitfulladder.sv:3]
INFO: [Synth 8-6155] done synthesizing module 'Nbitfulladder' (6#1) [C:/Users/simge/OneDrive/Masaüstü/dcd-playground/DCD_Final.srcs/sources_1/new/Nbitfulladder.sv:3]
WARNING: [Synth 8-6090] variable 'result' is written by both blocking and non-blocking assignments, entire logic could be removed [C:/Users/simge/OneDrive/Masaüstü/dcd-playground/DCD_Final.srcs/sources_1/new/ALU.sv:28]
WARNING: [Synth 8-6090] variable 'result' is written by both blocking and non-blocking assignments, entire logic could be removed [C:/Users/simge/OneDrive/Masaüstü/dcd-playground/DCD_Final.srcs/sources_1/new/ALU.sv:31]
INFO: [Synth 8-6155] done synthesizing module 'ALU' (7#1) [C:/Users/simge/OneDrive/Masaüstü/dcd-playground/DCD_Final.srcs/sources_1/new/ALU.sv:3]
INFO: [Synth 8-6157] synthesizing module 'dataMem' [C:/Users/simge/OneDrive/Masaüstü/dcd-playground/DCD_Final.srcs/sources_1/new/dataMem.sv:3]
WARNING: [Synth 8-6104] Input port 'WD' has an internal driver [C:/Users/simge/OneDrive/Masaüstü/dcd-playground/DCD_Final.srcs/sources_1/new/dataMem.sv:37]
INFO: [Synth 8-6155] done synthesizing module 'dataMem' (8#1) [C:/Users/simge/OneDrive/Masaüstü/dcd-playground/DCD_Final.srcs/sources_1/new/dataMem.sv:3]
CRITICAL WARNING: [Synth 8-6859] multi-driven net on pin C:/Users/simge/OneDrive/Masaüstü/dcd-playground/DCD_Final.srcs/sources_1/new/Executer.sv-3.7 with 1st driver pin 'Executer:/mux2_2/y[0]' [C:/Users/simge/OneDrive/Masaüstü/dcd-playground/DCD_Final.srcs/sources_1/new/Executer.sv:3]
CRITICAL WARNING: [Synth 8-6859] multi-driven net on pin C:/Users/simge/OneDrive/Masaüstü/dcd-playground/DCD_Final.srcs/sources_1/new/Executer.sv-3.7 with 2nd driver pin 'GND' [C:/Users/simge/OneDrive/Masaüstü/dcd-playground/DCD_Final.srcs/sources_1/new/Executer.sv:3]
CRITICAL WARNING: [Synth 8-6858] multi-driven net C:/Users/simge/OneDrive/Masaüstü/dcd-playground/DCD_Final.srcs/sources_1/new/Executer.sv-3.7 is connected to at least one constant driver which has been preserved, other driver is ignored [C:/Users/simge/OneDrive/Masaüstü/dcd-playground/DCD_Final.srcs/sources_1/new/Executer.sv:3]
CRITICAL WARNING: [Synth 8-6859] multi-driven net on pin C:/Users/simge/OneDrive/Masaüstü/dcd-playground/DCD_Final.srcs/sources_1/new/Executer.sv-40.18 with 1st driver pin 'Executer:/mux2_2/y[0]' [C:/Users/simge/OneDrive/Masaüstü/dcd-playground/DCD_Final.srcs/sources_1/new/Executer.sv:40]
CRITICAL WARNING: [Synth 8-6859] multi-driven net on pin C:/Users/simge/OneDrive/Masaüstü/dcd-playground/DCD_Final.srcs/sources_1/new/Executer.sv-40.18 with 2nd driver pin 'GND' [C:/Users/simge/OneDrive/Masaüstü/dcd-playground/DCD_Final.srcs/sources_1/new/Executer.sv:40]
CRITICAL WARNING: [Synth 8-6858] multi-driven net C:/Users/simge/OneDrive/Masaüstü/dcd-playground/DCD_Final.srcs/sources_1/new/Executer.sv-40.18 is connected to at least one constant driver which has been preserved, other driver is ignored [C:/Users/simge/OneDrive/Masaüstü/dcd-playground/DCD_Final.srcs/sources_1/new/Executer.sv:40]
INFO: [Synth 8-6155] done synthesizing module 'Executer' (9#1) [C:/Users/simge/OneDrive/Masaüstü/dcd-playground/DCD_Final.srcs/sources_1/new/Executer.sv:3]
INFO: [Synth 8-6157] synthesizing module 'PCounter' [C:/Users/simge/OneDrive/Masaüstü/dcd-playground/DCD_Final.srcs/sources_1/new/PCounter.sv:3]
WARNING: [Synth 8-6104] Input port 'PC' has an internal driver [C:/Users/simge/OneDrive/Masaüstü/dcd-playground/DCD_Final.srcs/sources_1/new/PCounter.sv:10]
WARNING: [Synth 8-3848] Net newPC in module/entity PCounter does not have driver. [C:/Users/simge/OneDrive/Masaüstü/dcd-playground/DCD_Final.srcs/sources_1/new/PCounter.sv:6]
INFO: [Synth 8-6155] done synthesizing module 'PCounter' (10#1) [C:/Users/simge/OneDrive/Masaüstü/dcd-playground/DCD_Final.srcs/sources_1/new/PCounter.sv:3]
CRITICAL WARNING: [Synth 8-6859] multi-driven net on pin C:/Users/simge/OneDrive/Masaüstü/dcd-playground/DCD_Final.srcs/sources_1/new/Processor.sv-3.7 with 1st driver pin 'Processor:/PCounter/newPC[0]' [C:/Users/simge/OneDrive/Masaüstü/dcd-playground/DCD_Final.srcs/sources_1/new/Processor.sv:3]
CRITICAL WARNING: [Synth 8-6859] multi-driven net on pin C:/Users/simge/OneDrive/Masaüstü/dcd-playground/DCD_Final.srcs/sources_1/new/Processor.sv-3.7 with 2nd driver pin 'GND' [C:/Users/simge/OneDrive/Masaüstü/dcd-playground/DCD_Final.srcs/sources_1/new/Processor.sv:3]
CRITICAL WARNING: [Synth 8-6858] multi-driven net C:/Users/simge/OneDrive/Masaüstü/dcd-playground/DCD_Final.srcs/sources_1/new/Processor.sv-3.7 is connected to at least one constant driver which has been preserved, other driver is ignored [C:/Users/simge/OneDrive/Masaüstü/dcd-playground/DCD_Final.srcs/sources_1/new/Processor.sv:3]
CRITICAL WARNING: [Synth 8-6859] multi-driven net on pin C:/Users/simge/OneDrive/Masaüstü/dcd-playground/DCD_Final.srcs/sources_1/new/Processor.sv-40.13 with 1st driver pin 'Processor:/PCounter/newPC[0]' [C:/Users/simge/OneDrive/Masaüstü/dcd-playground/DCD_Final.srcs/sources_1/new/Processor.sv:40]
CRITICAL WARNING: [Synth 8-6859] multi-driven net on pin C:/Users/simge/OneDrive/Masaüstü/dcd-playground/DCD_Final.srcs/sources_1/new/Processor.sv-40.13 with 2nd driver pin 'GND' [C:/Users/simge/OneDrive/Masaüstü/dcd-playground/DCD_Final.srcs/sources_1/new/Processor.sv:40]
CRITICAL WARNING: [Synth 8-6858] multi-driven net C:/Users/simge/OneDrive/Masaüstü/dcd-playground/DCD_Final.srcs/sources_1/new/Processor.sv-40.13 is connected to at least one constant driver which has been preserved, other driver is ignored [C:/Users/simge/OneDrive/Masaüstü/dcd-playground/DCD_Final.srcs/sources_1/new/Processor.sv:40]
CRITICAL WARNING: [Synth 8-6859] multi-driven net on pin C:/Users/simge/OneDrive/Masaüstü/dcd-playground/DCD_Final.srcs/sources_1/new/Processor.sv-23.22 with 1st driver pin 'Processor:/PCounter/newPC[0]' [C:/Users/simge/OneDrive/Masaüstü/dcd-playground/DCD_Final.srcs/sources_1/new/Processor.sv:23]
CRITICAL WARNING: [Synth 8-6859] multi-driven net on pin C:/Users/simge/OneDrive/Masaüstü/dcd-playground/DCD_Final.srcs/sources_1/new/Processor.sv-23.22 with 2nd driver pin 'GND' [C:/Users/simge/OneDrive/Masaüstü/dcd-playground/DCD_Final.srcs/sources_1/new/Processor.sv:23]
CRITICAL WARNING: [Synth 8-6858] multi-driven net C:/Users/simge/OneDrive/Masaüstü/dcd-playground/DCD_Final.srcs/sources_1/new/Processor.sv-23.22 is connected to at least one constant driver which has been preserved, other driver is ignored [C:/Users/simge/OneDrive/Masaüstü/dcd-playground/DCD_Final.srcs/sources_1/new/Processor.sv:23]
INFO: [Synth 8-6155] done synthesizing module 'Processor' (11#1) [C:/Users/simge/OneDrive/Masaüstü/dcd-playground/DCD_Final.srcs/sources_1/new/Processor.sv:3]
WARNING: [Synth 8-3917] design Processor has port PC[7] driven by constant 0
WARNING: [Synth 8-3917] design Processor has port PC[6] driven by constant 0
WARNING: [Synth 8-3917] design Processor has port PC[5] driven by constant 0
WARNING: [Synth 8-3917] design Processor has port PC[4] driven by constant 0
WARNING: [Synth 8-3917] design Processor has port PC[3] driven by constant 0
WARNING: [Synth 8-3917] design Processor has port PC[2] driven by constant 0
WARNING: [Synth 8-3917] design Processor has port PC[1] driven by constant 0
WARNING: [Synth 8-3917] design Processor has port PC[0] driven by constant 0
WARNING: [Synth 8-3331] design PCounter has unconnected port newPC[7]
WARNING: [Synth 8-3331] design PCounter has unconnected port newPC[6]
WARNING: [Synth 8-3331] design PCounter has unconnected port newPC[5]
WARNING: [Synth 8-3331] design PCounter has unconnected port newPC[4]
WARNING: [Synth 8-3331] design PCounter has unconnected port newPC[3]
WARNING: [Synth 8-3331] design PCounter has unconnected port newPC[2]
WARNING: [Synth 8-3331] design PCounter has unconnected port newPC[1]
WARNING: [Synth 8-3331] design PCounter has unconnected port newPC[0]
WARNING: [Synth 8-3331] design ControlUnit has unconnected port Rd[2]
WARNING: [Synth 8-3331] design ControlUnit has unconnected port Rd[1]
WARNING: [Synth 8-3331] design ControlUnit has unconnected port Rd[0]
